2025-11-21 12:14:26.618 IST [35292] LOG:  starting PostgreSQL 18.1 on x86_64-windows, compiled by msvc-19.44.35219, 64-bit
2025-11-21 12:14:26.623 IST [35292] LOG:  listening on IPv6 address "::1", port 5432
2025-11-21 12:14:26.624 IST [35292] LOG:  listening on IPv4 address "127.0.0.1", port 5432
2025-11-21 12:14:26.695 IST [33168] LOG:  database system was interrupted; last known up at 2025-11-20 08:40:21 IST
2025-11-21 12:14:27.473 IST [33168] LOG:  database system was not properly shut down; automatic recovery in progress
2025-11-21 12:14:27.481 IST [33168] LOG:  redo starts at 0/1D2E778
2025-11-21 12:14:27.481 IST [33168] LOG:  invalid record length at 0/1D2E880: expected at least 24, got 0
2025-11-21 12:14:27.481 IST [33168] LOG:  redo done at 0/1D2E848 system usage: CPU: user: 0.00 s, system: 0.00 s, elapsed: 0.00 s
2025-11-21 12:14:27.490 IST [33904] LOG:  checkpoint starting: end-of-recovery immediate wait
2025-11-21 12:14:27.513 IST [33904] LOG:  checkpoint complete: wrote 0 buffers (0.0%), wrote 3 SLRU buffers; 0 WAL file(s) added, 0 removed, 0 recycled; write=0.003 s, sync=0.003 s, total=0.028 s; sync files=2, longest=0.002 s, average=0.002 s; distance=0 kB, estimate=0 kB; lsn=0/1D2E880, redo lsn=0/1D2E880
2025-11-21 12:14:27.522 IST [35292] LOG:  database system is ready to accept connections
2025-11-21 12:14:33.979 IST [33904] LOG:  checkpoint starting: immediate force wait
2025-11-21 12:14:34.001 IST [33904] LOG:  checkpoint complete: wrote 2 buffers (0.0%), wrote 0 SLRU buffers; 0 WAL file(s) added, 0 removed, 0 recycled; write=0.002 s, sync=0.007 s, total=0.022 s; sync files=2, longest=0.005 s, average=0.004 s; distance=3 kB, estimate=3 kB; lsn=0/1D2F648, redo lsn=0/1D2F5F0
2025-11-21 12:15:25.163 IST [33904] LOG:  checkpoint starting: immediate force wait
2025-11-21 12:15:25.234 IST [33904] LOG:  checkpoint complete: wrote 6 buffers (0.0%), wrote 1 SLRU buffers; 0 WAL file(s) added, 0 removed, 1 recycled; write=0.006 s, sync=0.039 s, total=0.071 s; sync files=7, longest=0.018 s, average=0.006 s; distance=4675 kB, estimate=4675 kB; lsn=0/21C0678, redo lsn=0/21C05E8
2025-11-21 12:16:58.211 IST [33904] LOG:  checkpoint starting: immediate force wait
2025-11-21 12:16:58.250 IST [33904] LOG:  checkpoint complete: wrote 6 buffers (0.0%), wrote 1 SLRU buffers; 0 WAL file(s) added, 0 removed, 0 recycled; write=0.006 s, sync=0.015 s, total=0.040 s; sync files=7, longest=0.003 s, average=0.002 s; distance=4974 kB, estimate=4974 kB; lsn=0/269BE80, redo lsn=0/269BE28
2025-11-21 12:17:59.586 IST [9344] FATAL:  database "dagam" does not exist
2025-11-21 12:18:08.205 IST [30476] FATAL:  database "help" does not exist
2025-11-21 12:18:21.017 IST [38428] FATAL:  database "dagam" does not exist
2025-11-21 12:18:25.689 IST [18688] FATAL:  database "dagam" does not exist
2025-11-21 12:20:11.975 IST [25452] FATAL:  database "delete" does not exist
2025-11-21 12:20:23.431 IST [23956] ERROR:  database "liscout" does not exist
2025-11-21 12:20:23.431 IST [23956] STATEMENT:  DROP DATABASE liscout;
2025-11-21 12:20:25.812 IST [33904] LOG:  checkpoint starting: immediate force wait
2025-11-21 12:20:25.859 IST [33904] LOG:  checkpoint complete: wrote 6 buffers (0.0%), wrote 1 SLRU buffers; 0 WAL file(s) added, 0 removed, 0 recycled; write=0.010 s, sync=0.017 s, total=0.047 s; sync files=7, longest=0.003 s, average=0.003 s; distance=5023 kB, estimate=5023 kB; lsn=0/2B83E58, redo lsn=0/2B83E00
2025-11-21 12:20:28.791 IST [33904] LOG:  checkpoint starting: immediate force wait
2025-11-21 12:20:28.825 IST [33904] LOG:  checkpoint complete: wrote 2 buffers (0.0%), wrote 1 SLRU buffers; 0 WAL file(s) added, 0 removed, 0 recycled; write=0.005 s, sync=0.009 s, total=0.034 s; sync files=3, longest=0.004 s, average=0.003 s; distance=2 kB, estimate=4521 kB; lsn=0/2B847C8, redo lsn=0/2B84770
2025-11-21 12:22:12.570 IST [35292] LOG:  background worker "logical replication launcher" (PID 38716) was terminated by exception 0xC000013A
2025-11-21 12:22:12.570 IST [35292] HINT:  See C include file "ntstatus.h" for a description of the hexadecimal value.
2025-11-21 12:22:12.570 IST [35292] LOG:  terminating any other active server processes
2025-11-21 12:22:49.066 IST [28264] LOG:  starting PostgreSQL 18.1 on x86_64-windows, compiled by msvc-19.44.35219, 64-bit
2025-11-21 12:22:49.072 IST [28264] LOG:  listening on IPv6 address "::1", port 5432
2025-11-21 12:22:49.073 IST [28264] LOG:  listening on IPv4 address "127.0.0.1", port 5432
2025-11-21 12:22:49.182 IST [31332] LOG:  database system was shut down at 2025-11-21 12:22:35 IST
2025-11-21 12:22:49.190 IST [28264] LOG:  database system is ready to accept connections
2025-11-21 12:22:59.790 IST [35268] FATAL:  database "litscout" does not exist
2025-11-21 12:25:42.259 IST [28264] LOG:  received fast shutdown request
2025-11-21 12:25:42.259 IST [13292] LOG:  shutting down
2025-11-21 12:25:42.267 IST [38640] ERROR:  canceling statement due to user request
2025-11-21 12:25:42.267 IST [13292] LOG:  checkpoint starting: shutdown immediate
2025-11-21 12:25:42.271 IST [28264] LOG:  aborting any active transactions
2025-11-21 12:25:42.297 IST [28264] LOG:  background worker "logical replication launcher" (PID 38640) exited with exit code 1
2025-11-21 12:25:42.330 IST [13292] LOG:  checkpoint complete: wrote 38 buffers (0.2%), wrote 3 SLRU buffers; 0 WAL file(s) added, 0 removed, 0 recycled; write=0.009 s, sync=0.032 s, total=0.071 s; sync files=10, longest=0.005 s, average=0.004 s; distance=286 kB, estimate=286 kB; lsn=0/1838E58, redo lsn=0/1838E58
2025-11-21 12:25:42.356 IST [28264] LOG:  database system is shut down
2025-11-21 12:26:04.305 IST [23700] LOG:  starting PostgreSQL 18.1 on x86_64-windows, compiled by msvc-19.44.35219, 64-bit
2025-11-21 12:26:04.311 IST [23700] LOG:  listening on IPv6 address "::1", port 5432
2025-11-21 12:26:04.311 IST [23700] LOG:  listening on IPv4 address "127.0.0.1", port 5432
2025-11-21 12:26:04.383 IST [37536] LOG:  database system was shut down at 2025-11-21 12:25:42 IST
2025-11-21 12:26:04.397 IST [23700] LOG:  database system is ready to accept connections
2025-11-21 12:26:12.078 IST [17348] FATAL:  database "litscout_db" does not exist
2025-11-21 12:26:54.971 IST [37024] FATAL:  database "litscout" does not exist
2025-11-21 12:28:02.430 IST [36300] FATAL:  database "start" does not exist
2025-11-21 12:28:17.843 IST [27044] ERROR:  canceling statement due to user request
2025-11-21 12:28:17.844 IST [23700] LOG:  received fast shutdown request
2025-11-21 12:28:17.844 IST [29012] LOG:  shutting down
2025-11-21 12:28:17.850 IST [29012] LOG:  checkpoint starting: shutdown immediate
2025-11-21 12:28:17.850 IST [23700] LOG:  aborting any active transactions
2025-11-21 12:28:17.865 IST [23700] LOG:  background worker "logical replication launcher" (PID 27044) exited with exit code 1
2025-11-21 12:28:17.897 IST [29012] LOG:  checkpoint complete: wrote 30 buffers (0.2%), wrote 3 SLRU buffers; 0 WAL file(s) added, 0 removed, 0 recycled; write=0.010 s, sync=0.017 s, total=0.053 s; sync files=7, longest=0.003 s, average=0.003 s; distance=201 kB, estimate=201 kB; lsn=0/186B4A0, redo lsn=0/186B4A0
2025-11-21 12:28:17.936 IST [23700] LOG:  database system is shut down
2025-11-21 12:28:23.351 IST [37840] LOG:  starting PostgreSQL 18.1 on x86_64-windows, compiled by msvc-19.44.35219, 64-bit
2025-11-21 12:28:23.355 IST [37840] LOG:  listening on IPv6 address "::1", port 5432
2025-11-21 12:28:23.356 IST [37840] LOG:  listening on IPv4 address "127.0.0.1", port 5432
2025-11-21 12:28:23.432 IST [25688] LOG:  database system was shut down at 2025-11-21 12:28:17 IST
2025-11-21 12:28:23.444 IST [37840] LOG:  database system is ready to accept connections
2025-11-21 12:29:03.390 IST [26872] ERROR:  canceling statement due to user request
2025-11-21 12:29:03.391 IST [37840] LOG:  received fast shutdown request
2025-11-21 12:29:03.391 IST [26196] LOG:  shutting down
2025-11-21 12:29:03.399 IST [26196] LOG:  checkpoint starting: shutdown immediate
2025-11-21 12:29:03.399 IST [37840] LOG:  aborting any active transactions
2025-11-21 12:29:03.417 IST [37840] LOG:  background worker "logical replication launcher" (PID 26872) exited with exit code 1
2025-11-21 12:29:03.434 IST [26196] LOG:  checkpoint complete: wrote 0 buffers (0.0%), wrote 3 SLRU buffers; 0 WAL file(s) added, 0 removed, 0 recycled; write=0.007 s, sync=0.007 s, total=0.043 s; sync files=2, longest=0.004 s, average=0.004 s; distance=0 kB, estimate=0 kB; lsn=0/186B550, redo lsn=0/186B550
2025-11-21 12:29:03.493 IST [37840] LOG:  database system is shut down
2025-11-21 12:29:33.805 IST [25140] LOG:  starting PostgreSQL 18.1 on x86_64-windows, compiled by msvc-19.44.35219, 64-bit
2025-11-21 12:29:33.810 IST [25140] LOG:  listening on IPv6 address "::1", port 5432
2025-11-21 12:29:33.810 IST [25140] LOG:  listening on IPv4 address "127.0.0.1", port 5432
2025-11-21 12:29:33.880 IST [38064] LOG:  database system was shut down at 2025-11-21 12:29:03 IST
2025-11-21 12:29:33.890 IST [25140] LOG:  database system is ready to accept connections
2025-11-21 12:29:37.084 IST [36076] ERROR:  database "litscout" does not exist
2025-11-21 12:29:37.084 IST [36076] STATEMENT:  DROP DATABASE litscout;
2025-11-21 12:29:41.419 IST [28308] ERROR:  database "litscout_db" does not exist
2025-11-21 12:29:41.419 IST [28308] STATEMENT:  DROP DATABASE litscout_db;
2025-11-21 12:30:00.284 IST [15364] FATAL:  role "admin" does not exist
2025-11-21 12:30:02.141 IST [26244] FATAL:  role "admin" does not exist
2025-11-21 12:31:37.675 IST [38680] ERROR:  canceling statement due to user request
2025-11-21 12:31:37.675 IST [25140] LOG:  received fast shutdown request
2025-11-21 12:31:37.675 IST [31016] LOG:  shutting down
2025-11-21 12:31:37.682 IST [25140] LOG:  aborting any active transactions
2025-11-21 12:31:37.684 IST [31016] LOG:  checkpoint starting: shutdown immediate
2025-11-21 12:31:37.696 IST [25140] LOG:  background worker "logical replication launcher" (PID 38680) exited with exit code 1
2025-11-21 12:31:37.720 IST [31016] LOG:  checkpoint complete: wrote 0 buffers (0.0%), wrote 3 SLRU buffers; 0 WAL file(s) added, 0 removed, 0 recycled; write=0.008 s, sync=0.007 s, total=0.045 s; sync files=2, longest=0.004 s, average=0.004 s; distance=0 kB, estimate=0 kB; lsn=0/186B600, redo lsn=0/186B600
2025-11-21 12:31:37.763 IST [25140] LOG:  database system is shut down
2025-11-21 12:31:49.388 IST [26252] LOG:  starting PostgreSQL 18.1 on x86_64-windows, compiled by msvc-19.44.35219, 64-bit
2025-11-21 12:31:49.393 IST [26252] LOG:  listening on IPv6 address "::1", port 5432
2025-11-21 12:31:49.394 IST [26252] LOG:  listening on IPv4 address "127.0.0.1", port 5432
2025-11-21 12:31:49.469 IST [37904] LOG:  database system was shut down at 2025-11-21 12:31:37 IST
2025-11-21 12:31:49.483 IST [26252] LOG:  database system is ready to accept connections
2025-11-21 12:32:37.012 IST [31804] ERROR:  canceling statement due to user request
2025-11-21 12:32:37.013 IST [26252] LOG:  received fast shutdown request
2025-11-21 12:32:37.014 IST [17988] LOG:  shutting down
2025-11-21 12:32:37.026 IST [17988] LOG:  checkpoint starting: shutdown immediate
2025-11-21 12:32:37.029 IST [26252] LOG:  aborting any active transactions
2025-11-21 12:32:37.055 IST [26252] LOG:  background worker "logical replication launcher" (PID 31804) exited with exit code 1
2025-11-21 12:32:37.070 IST [17988] LOG:  checkpoint complete: wrote 0 buffers (0.0%), wrote 3 SLRU buffers; 0 WAL file(s) added, 0 removed, 0 recycled; write=0.006 s, sync=0.011 s, total=0.057 s; sync files=2, longest=0.008 s, average=0.006 s; distance=0 kB, estimate=0 kB; lsn=0/186B6B0, redo lsn=0/186B6B0
2025-11-21 12:32:37.137 IST [26252] LOG:  database system is shut down
2025-11-21 12:32:38.450 IST [13056] LOG:  starting PostgreSQL 18.1 on x86_64-windows, compiled by msvc-19.44.35219, 64-bit
2025-11-21 12:32:38.459 IST [13056] LOG:  listening on IPv6 address "::1", port 5432
2025-11-21 12:32:38.459 IST [13056] LOG:  listening on IPv4 address "127.0.0.1", port 5432
2025-11-21 12:32:38.540 IST [35872] LOG:  database system was shut down at 2025-11-21 12:32:37 IST
2025-11-21 12:32:38.553 IST [13056] LOG:  database system is ready to accept connections
2025-11-21 12:37:38.544 IST [9148] LOG:  checkpoint starting: time
2025-11-21 12:39:33.381 IST [9148] LOG:  checkpoint complete: wrote 1042 buffers (6.4%), wrote 3 SLRU buffers; 1 WAL file(s) added, 0 removed, 0 recycled; write=113.988 s, sync=0.704 s, total=114.838 s; sync files=367, longest=0.005 s, average=0.002 s; distance=5021 kB, estimate=5021 kB; lsn=0/1D52E80, redo lsn=0/1D52DF0
2025-11-21 17:09:44.550 IST [31132] FATAL:  terminating connection due to unexpected postmaster exit
